<?xml version="1.0" encoding="UTF-8" ?>
<testsuite failures="0" time="2.379" errors="0" skipped="0" tests="9" name="com.dasolute.universe.domain.DocumentIntegrationTest">
  <properties>
    <property name="java.runtime.name" value="Java(TM) SE Runtime Environment"/>
    <property name="sun.boot.library.path" value="F:\Program_Files\Java\jdk1.6.0_21\jre\bin"/>
    <property name="java.vm.version" value="17.0-b16"/>
    <property name="java.vm.vendor" value="Sun Microsystems Inc."/>
    <property name="java.vendor.url" value="http://java.sun.com/"/>
    <property name="path.separator" value=";"/>
    <property name="java.vm.name" value="Java HotSpot(TM) 64-Bit Server VM"/>
    <property name="file.encoding.pkg" value="sun.io"/>
    <property name="user.country" value="US"/>
    <property name="sun.java.launcher" value="SUN_STANDARD"/>
    <property name="sun.os.patch.level" value=""/>
    <property name="java.vm.specification.name" value="Java Virtual Machine Specification"/>
    <property name="user.dir" value="F:\Workspace\universe"/>
    <property name="java.runtime.version" value="1.6.0_21-b06"/>
    <property name="java.awt.graphicsenv" value="sun.awt.Win32GraphicsEnvironment"/>
    <property name="basedir" value="F:\Workspace\universe"/>
    <property name="java.endorsed.dirs" value="F:\Program_Files\Java\jdk1.6.0_21\jre\lib\endorsed"/>
    <property name="os.arch" value="amd64"/>
    <property name="surefire.real.class.path" value="C:\Users\dahinir\AppData\Local\Temp\surefirebooter6899337119156807857.jar"/>
    <property name="java.io.tmpdir" value="C:\Users\dahinir\AppData\Local\Temp\"/>
    <property name="line.separator" value="
"/>
    <property name="java.vm.specification.vendor" value="Sun Microsystems Inc."/>
    <property name="user.variant" value=""/>
    <property name="os.name" value="Windows 7"/>
    <property name="sun.jnu.encoding" value="MS949"/>
    <property name="java.library.path" value="F:\Program_Files\Java\jdk1.6.0_21\jre\bin;.;C:\Windows\Sun\Java\bin;C:\Windows\system32;C:\Windows;F:/Program_Files/Java/jdk1.6.0_21/bin/../jre/bin/server;F:/Program_Files/Java/jdk1.6.0_21/bin/../jre/bin;C:\Windows\system32;C:\Windows;C:\Windows\System32\Wbem;C:\Windows\System32\WindowsPowerShell\v1.0\;C:\Program Files (x86)\QuickTime\QTSystem\;C:\Users\dahinir\Documents\UltraEdit\;F:\Program_Files\Java\jdk1.6.0_21\bin;F:\Program_Files\apache-maven-2.2.1\bin;F:\Program_Files\mysql-5.1.41-winx64\bin;F:\Program_Files\PortableGit-1.6.5.1-preview20091022\cmd;F:\Program_Files\spring-roo-1.1.0.M2\bin;"/>
    <property name="surefire.test.class.path" value="F:\Workspace\universe\target\test-classes;F:\Workspace\universe\target\classes;C:\Users\dahinir\.m2\repository\junit\junit\4.8.1\junit-4.8.1.jar;C:\Users\dahinir\.m2\repository\log4j\log4j\1.2.15\log4j-1.2.15.jar;C:\Users\dahinir\.m2\repository\org\slf4j\slf4j-api\1.6.0\slf4j-api-1.6.0.jar;C:\Users\dahinir\.m2\repository\org\slf4j\jcl-over-slf4j\1.6.0\jcl-over-slf4j-1.6.0.jar;C:\Users\dahinir\.m2\repository\org\slf4j\slf4j-log4j12\1.6.0\slf4j-log4j12-1.6.0.jar;C:\Users\dahinir\.m2\repository\org\aspectj\aspectjrt\1.6.9.M2\aspectjrt-1.6.9.M2.jar;C:\Users\dahinir\.m2\repository\org\springframework\spring-core\3.0.3.RELEASE\spring-core-3.0.3.RELEASE.jar;C:\Users\dahinir\.m2\repository\org\springframework\spring-asm\3.0.3.RELEASE\spring-asm-3.0.3.RELEASE.jar;C:\Users\dahinir\.m2\repository\org\springframework\spring-test\3.0.3.RELEASE\spring-test-3.0.3.RELEASE.jar;C:\Users\dahinir\.m2\repository\org\springframework\spring-context\3.0.3.RELEASE\spring-context-3.0.3.RELEASE.jar;C:\Users\dahinir\.m2\repository\org\springframework\spring-aop\3.0.3.RELEASE\spring-aop-3.0.3.RELEASE.jar;C:\Users\dahinir\.m2\repository\aopalliance\aopalliance\1.0\aopalliance-1.0.jar;C:\Users\dahinir\.m2\repository\org\springframework\spring-beans\3.0.3.RELEASE\spring-beans-3.0.3.RELEASE.jar;C:\Users\dahinir\.m2\repository\org\springframework\spring-expression\3.0.3.RELEASE\spring-expression-3.0.3.RELEASE.jar;C:\Users\dahinir\.m2\repository\org\springframework\spring-aspects\3.0.3.RELEASE\spring-aspects-3.0.3.RELEASE.jar;C:\Users\dahinir\.m2\repository\org\springframework\spring-context-support\3.0.3.RELEASE\spring-context-support-3.0.3.RELEASE.jar;C:\Users\dahinir\.m2\repository\org\springframework\spring-tx\3.0.3.RELEASE\spring-tx-3.0.3.RELEASE.jar;C:\Users\dahinir\.m2\repository\org\springframework\spring-web\3.0.3.RELEASE\spring-web-3.0.3.RELEASE.jar;C:\Users\dahinir\.m2\repository\org\springframework\spring-webmvc\3.0.3.RELEASE\spring-webmvc-3.0.3.RELEASE.jar;C:\Users\dahinir\.m2\repository\org\springframework\webflow\spring-js\2.0.8.RELEASE\spring-js-2.0.8.RELEASE.jar;C:\Users\dahinir\.m2\repository\org\springframework\spring-jdbc\3.0.3.RELEASE\spring-jdbc-3.0.3.RELEASE.jar;C:\Users\dahinir\.m2\repository\org\springframework\spring-orm\3.0.3.RELEASE\spring-orm-3.0.3.RELEASE.jar;C:\Users\dahinir\.m2\repository\org\springframework\security\spring-security-core\3.0.2.RELEASE\spring-security-core-3.0.2.RELEASE.jar;C:\Users\dahinir\.m2\repository\org\aspectj\aspectjweaver\1.6.8\aspectjweaver-1.6.8.jar;C:\Users\dahinir\.m2\repository\org\springframework\security\spring-security-config\3.0.2.RELEASE\spring-security-config-3.0.2.RELEASE.jar;C:\Users\dahinir\.m2\repository\org\springframework\security\spring-security-web\3.0.2.RELEASE\spring-security-web-3.0.2.RELEASE.jar;C:\Users\dahinir\.m2\repository\org\springframework\security\spring-security-taglibs\3.0.2.RELEASE\spring-security-taglibs-3.0.2.RELEASE.jar;C:\Users\dahinir\.m2\repository\org\springframework\security\spring-security-acl\3.0.2.RELEASE\spring-security-acl-3.0.2.RELEASE.jar;C:\Users\dahinir\.m2\repository\mysql\mysql-connector-java\5.1.12\mysql-connector-java-5.1.12.jar;C:\Users\dahinir\.m2\repository\org\hibernate\hibernate-core\3.5.0-Final\hibernate-core-3.5.0-Final.jar;C:\Users\dahinir\.m2\repository\antlr\antlr\2.7.6\antlr-2.7.6.jar;C:\Users\dahinir\.m2\repository\commons-collections\commons-collections\3.1\commons-collections-3.1.jar;C:\Users\dahinir\.m2\repository\dom4j\dom4j\1.6.1\dom4j-1.6.1.jar;C:\Users\dahinir\.m2\repository\xml-apis\xml-apis\1.0.b2\xml-apis-1.0.b2.jar;C:\Users\dahinir\.m2\repository\org\hibernate\hibernate-entitymanager\3.5.0-Final\hibernate-entitymanager-3.5.0-Final.jar;C:\Users\dahinir\.m2\repository\org\hibernate\hibernate-annotations\3.5.0-Final\hibernate-annotations-3.5.0-Final.jar;C:\Users\dahinir\.m2\repository\org\hibernate\hibernate-commons-annotations\3.2.0.Final\hibernate-commons-annotations-3.2.0.Final.jar;C:\Users\dahinir\.m2\repository\org\hibernate\javax\persistence\hibernate-jpa-2.0-api\1.0.0.Final\hibernate-jpa-2.0-api-1.0.0.Final.jar;C:\Users\dahinir\.m2\repository\javassist\javassist\3.9.0.GA\javassist-3.9.0.GA.jar;C:\Users\dahinir\.m2\repository\org\hibernate\hibernate-validator\4.0.2.GA\hibernate-validator-4.0.2.GA.jar;C:\Users\dahinir\.m2\repository\javax\validation\validation-api\1.0.0.GA\validation-api-1.0.0.GA.jar;C:\Users\dahinir\.m2\repository\cglib\cglib-nodep\2.2\cglib-nodep-2.2.jar;C:\Users\dahinir\.m2\repository\javax\transaction\jta\1.1\jta-1.1.jar;C:\Users\dahinir\.m2\repository\commons-pool\commons-pool\1.5.4\commons-pool-1.5.4.jar;C:\Users\dahinir\.m2\repository\commons-dbcp\commons-dbcp\1.3\commons-dbcp-1.3.jar;C:\Users\dahinir\.m2\repository\org\apache\tiles\tiles-core\2.2.1\tiles-core-2.2.1.jar;C:\Users\dahinir\.m2\repository\org\apache\tiles\tiles-api\2.2.1\tiles-api-2.2.1.jar;C:\Users\dahinir\.m2\repository\commons-digester\commons-digester\2.0\commons-digester-2.0.jar;C:\Users\dahinir\.m2\repository\commons-beanutils\commons-beanutils\1.8.0\commons-beanutils-1.8.0.jar;C:\Users\dahinir\.m2\repository\org\apache\tiles\tiles-jsp\2.2.1\tiles-jsp-2.2.1.jar;C:\Users\dahinir\.m2\repository\org\apache\tiles\tiles-servlet\2.2.1\tiles-servlet-2.2.1.jar;C:\Users\dahinir\.m2\repository\org\apache\tiles\tiles-template\2.2.1\tiles-template-2.2.1.jar;C:\Users\dahinir\.m2\repository\commons-fileupload\commons-fileupload\1.2.1\commons-fileupload-1.2.1.jar;C:\Users\dahinir\.m2\repository\org\tuckey\urlrewritefilter\3.1.0\urlrewritefilter-3.1.0.jar;C:\Users\dahinir\.m2\repository\javax\servlet\servlet-api\2.5\servlet-api-2.5.jar;C:\Users\dahinir\.m2\repository\javax\servlet\jstl\1.2\jstl-1.2.jar;C:\Users\dahinir\.m2\repository\javax\el\el-api\1.0\el-api-1.0.jar;C:\Users\dahinir\.m2\repository\joda-time\joda-time\1.6\joda-time-1.6.jar;"/>
    <property name="java.specification.name" value="Java Platform API Specification"/>
    <property name="java.class.version" value="50.0"/>
    <property name="sun.management.compiler" value="HotSpot 64-Bit Server Compiler"/>
    <property name="os.version" value="6.1"/>
    <property name="user.home" value="C:\Users\dahinir"/>
    <property name="user.timezone" value="Asia/Seoul"/>
    <property name="java.awt.printerjob" value="sun.awt.windows.WPrinterJob"/>
    <property name="java.specification.version" value="1.6"/>
    <property name="file.encoding" value="Cp1252"/>
    <property name="user.name" value="dahinir"/>
    <property name="java.class.path" value="F:\Workspace\universe\target\test-classes;F:\Workspace\universe\target\classes;C:\Users\dahinir\.m2\repository\junit\junit\4.8.1\junit-4.8.1.jar;C:\Users\dahinir\.m2\repository\log4j\log4j\1.2.15\log4j-1.2.15.jar;C:\Users\dahinir\.m2\repository\org\slf4j\slf4j-api\1.6.0\slf4j-api-1.6.0.jar;C:\Users\dahinir\.m2\repository\org\slf4j\jcl-over-slf4j\1.6.0\jcl-over-slf4j-1.6.0.jar;C:\Users\dahinir\.m2\repository\org\slf4j\slf4j-log4j12\1.6.0\slf4j-log4j12-1.6.0.jar;C:\Users\dahinir\.m2\repository\org\aspectj\aspectjrt\1.6.9.M2\aspectjrt-1.6.9.M2.jar;C:\Users\dahinir\.m2\repository\org\springframework\spring-core\3.0.3.RELEASE\spring-core-3.0.3.RELEASE.jar;C:\Users\dahinir\.m2\repository\org\springframework\spring-asm\3.0.3.RELEASE\spring-asm-3.0.3.RELEASE.jar;C:\Users\dahinir\.m2\repository\org\springframework\spring-test\3.0.3.RELEASE\spring-test-3.0.3.RELEASE.jar;C:\Users\dahinir\.m2\repository\org\springframework\spring-context\3.0.3.RELEASE\spring-context-3.0.3.RELEASE.jar;C:\Users\dahinir\.m2\repository\org\springframework\spring-aop\3.0.3.RELEASE\spring-aop-3.0.3.RELEASE.jar;C:\Users\dahinir\.m2\repository\aopalliance\aopalliance\1.0\aopalliance-1.0.jar;C:\Users\dahinir\.m2\repository\org\springframework\spring-beans\3.0.3.RELEASE\spring-beans-3.0.3.RELEASE.jar;C:\Users\dahinir\.m2\repository\org\springframework\spring-expression\3.0.3.RELEASE\spring-expression-3.0.3.RELEASE.jar;C:\Users\dahinir\.m2\repository\org\springframework\spring-aspects\3.0.3.RELEASE\spring-aspects-3.0.3.RELEASE.jar;C:\Users\dahinir\.m2\repository\org\springframework\spring-context-support\3.0.3.RELEASE\spring-context-support-3.0.3.RELEASE.jar;C:\Users\dahinir\.m2\repository\org\springframework\spring-tx\3.0.3.RELEASE\spring-tx-3.0.3.RELEASE.jar;C:\Users\dahinir\.m2\repository\org\springframework\spring-web\3.0.3.RELEASE\spring-web-3.0.3.RELEASE.jar;C:\Users\dahinir\.m2\repository\org\springframework\spring-webmvc\3.0.3.RELEASE\spring-webmvc-3.0.3.RELEASE.jar;C:\Users\dahinir\.m2\repository\org\springframework\webflow\spring-js\2.0.8.RELEASE\spring-js-2.0.8.RELEASE.jar;C:\Users\dahinir\.m2\repository\org\springframework\spring-jdbc\3.0.3.RELEASE\spring-jdbc-3.0.3.RELEASE.jar;C:\Users\dahinir\.m2\repository\org\springframework\spring-orm\3.0.3.RELEASE\spring-orm-3.0.3.RELEASE.jar;C:\Users\dahinir\.m2\repository\org\springframework\security\spring-security-core\3.0.2.RELEASE\spring-security-core-3.0.2.RELEASE.jar;C:\Users\dahinir\.m2\repository\org\aspectj\aspectjweaver\1.6.8\aspectjweaver-1.6.8.jar;C:\Users\dahinir\.m2\repository\org\springframework\security\spring-security-config\3.0.2.RELEASE\spring-security-config-3.0.2.RELEASE.jar;C:\Users\dahinir\.m2\repository\org\springframework\security\spring-security-web\3.0.2.RELEASE\spring-security-web-3.0.2.RELEASE.jar;C:\Users\dahinir\.m2\repository\org\springframework\security\spring-security-taglibs\3.0.2.RELEASE\spring-security-taglibs-3.0.2.RELEASE.jar;C:\Users\dahinir\.m2\repository\org\springframework\security\spring-security-acl\3.0.2.RELEASE\spring-security-acl-3.0.2.RELEASE.jar;C:\Users\dahinir\.m2\repository\mysql\mysql-connector-java\5.1.12\mysql-connector-java-5.1.12.jar;C:\Users\dahinir\.m2\repository\org\hibernate\hibernate-core\3.5.0-Final\hibernate-core-3.5.0-Final.jar;C:\Users\dahinir\.m2\repository\antlr\antlr\2.7.6\antlr-2.7.6.jar;C:\Users\dahinir\.m2\repository\commons-collections\commons-collections\3.1\commons-collections-3.1.jar;C:\Users\dahinir\.m2\repository\dom4j\dom4j\1.6.1\dom4j-1.6.1.jar;C:\Users\dahinir\.m2\repository\xml-apis\xml-apis\1.0.b2\xml-apis-1.0.b2.jar;C:\Users\dahinir\.m2\repository\org\hibernate\hibernate-entitymanager\3.5.0-Final\hibernate-entitymanager-3.5.0-Final.jar;C:\Users\dahinir\.m2\repository\org\hibernate\hibernate-annotations\3.5.0-Final\hibernate-annotations-3.5.0-Final.jar;C:\Users\dahinir\.m2\repository\org\hibernate\hibernate-commons-annotations\3.2.0.Final\hibernate-commons-annotations-3.2.0.Final.jar;C:\Users\dahinir\.m2\repository\org\hibernate\javax\persistence\hibernate-jpa-2.0-api\1.0.0.Final\hibernate-jpa-2.0-api-1.0.0.Final.jar;C:\Users\dahinir\.m2\repository\javassist\javassist\3.9.0.GA\javassist-3.9.0.GA.jar;C:\Users\dahinir\.m2\repository\org\hibernate\hibernate-validator\4.0.2.GA\hibernate-validator-4.0.2.GA.jar;C:\Users\dahinir\.m2\repository\javax\validation\validation-api\1.0.0.GA\validation-api-1.0.0.GA.jar;C:\Users\dahinir\.m2\repository\cglib\cglib-nodep\2.2\cglib-nodep-2.2.jar;C:\Users\dahinir\.m2\repository\javax\transaction\jta\1.1\jta-1.1.jar;C:\Users\dahinir\.m2\repository\commons-pool\commons-pool\1.5.4\commons-pool-1.5.4.jar;C:\Users\dahinir\.m2\repository\commons-dbcp\commons-dbcp\1.3\commons-dbcp-1.3.jar;C:\Users\dahinir\.m2\repository\org\apache\tiles\tiles-core\2.2.1\tiles-core-2.2.1.jar;C:\Users\dahinir\.m2\repository\org\apache\tiles\tiles-api\2.2.1\tiles-api-2.2.1.jar;C:\Users\dahinir\.m2\repository\commons-digester\commons-digester\2.0\commons-digester-2.0.jar;C:\Users\dahinir\.m2\repository\commons-beanutils\commons-beanutils\1.8.0\commons-beanutils-1.8.0.jar;C:\Users\dahinir\.m2\repository\org\apache\tiles\tiles-jsp\2.2.1\tiles-jsp-2.2.1.jar;C:\Users\dahinir\.m2\repository\org\apache\tiles\tiles-servlet\2.2.1\tiles-servlet-2.2.1.jar;C:\Users\dahinir\.m2\repository\org\apache\tiles\tiles-template\2.2.1\tiles-template-2.2.1.jar;C:\Users\dahinir\.m2\repository\commons-fileupload\commons-fileupload\1.2.1\commons-fileupload-1.2.1.jar;C:\Users\dahinir\.m2\repository\org\tuckey\urlrewritefilter\3.1.0\urlrewritefilter-3.1.0.jar;C:\Users\dahinir\.m2\repository\javax\servlet\servlet-api\2.5\servlet-api-2.5.jar;C:\Users\dahinir\.m2\repository\javax\servlet\jstl\1.2\jstl-1.2.jar;C:\Users\dahinir\.m2\repository\javax\el\el-api\1.0\el-api-1.0.jar;C:\Users\dahinir\.m2\repository\joda-time\joda-time\1.6\joda-time-1.6.jar;"/>
    <property name="java.vm.specification.version" value="1.0"/>
    <property name="sun.arch.data.model" value="64"/>
    <property name="java.home" value="F:\Program_Files\Java\jdk1.6.0_21\jre"/>
    <property name="java.specification.vendor" value="Sun Microsystems Inc."/>
    <property name="user.language" value="en"/>
    <property name="awt.toolkit" value="sun.awt.windows.WToolkit"/>
    <property name="java.vm.info" value="mixed mode"/>
    <property name="java.version" value="1.6.0_21"/>
    <property name="java.ext.dirs" value="F:\Program_Files\Java\jdk1.6.0_21\jre\lib\ext;C:\Windows\Sun\Java\lib\ext"/>
    <property name="sun.boot.class.path" value="F:\Program_Files\Java\jdk1.6.0_21\jre\lib\resources.jar;F:\Program_Files\Java\jdk1.6.0_21\jre\lib\rt.jar;F:\Program_Files\Java\jdk1.6.0_21\jre\lib\sunrsasign.jar;F:\Program_Files\Java\jdk1.6.0_21\jre\lib\jsse.jar;F:\Program_Files\Java\jdk1.6.0_21\jre\lib\jce.jar;F:\Program_Files\Java\jdk1.6.0_21\jre\lib\charsets.jar;F:\Program_Files\Java\jdk1.6.0_21\jre\classes"/>
    <property name="java.vendor" value="Sun Microsystems Inc."/>
    <property name="localRepository" value="C:\Users\dahinir\.m2\repository"/>
    <property name="file.separator" value="\"/>
    <property name="java.vendor.url.bug" value="http://java.sun.com/cgi-bin/bugreport.cgi"/>
    <property name="sun.cpu.endian" value="little"/>
    <property name="sun.io.unicode.encoding" value="UnicodeLittle"/>
    <property name="sun.desktop" value="windows"/>
    <property name="sun.cpu.isalist" value="amd64"/>
  </properties>
  <testcase time="1.68" classname="com.dasolute.universe.domain.DocumentIntegrationTest" name="testMarkerMethod"/>
  <testcase time="0.38" classname="com.dasolute.universe.domain.DocumentIntegrationTest" name="testCountDocuments"/>
  <testcase time="0.011" classname="com.dasolute.universe.domain.DocumentIntegrationTest" name="testFindDocument"/>
  <testcase time="0.012" classname="com.dasolute.universe.domain.DocumentIntegrationTest" name="testFindAllDocuments"/>
  <testcase time="0.012" classname="com.dasolute.universe.domain.DocumentIntegrationTest" name="testFindDocumentEntries"/>
  <testcase time="0.024" classname="com.dasolute.universe.domain.DocumentIntegrationTest" name="testFlush"/>
  <testcase time="0.011" classname="com.dasolute.universe.domain.DocumentIntegrationTest" name="testMerge"/>
  <testcase time="0.008" classname="com.dasolute.universe.domain.DocumentIntegrationTest" name="testPersist"/>
  <testcase time="0.02" classname="com.dasolute.universe.domain.DocumentIntegrationTest" name="testRemove"/>
</testsuite>